[Mon, 30 Jun 2025 23:29:54 +0000] wpr: __construct
array (
  'prefix' => 'wpr',
  'licensing_servers' => 
  array (
    0 => 'https://dashboard.wpreset.com/api/',
  ),
  'version' => '2.04',
  'plugin_file' => 'E:\\Work\\Pandangan Jogja\\pandanganjogja.com\\wp-content\\plugins\\wp-reset\\wp-reset.php',
  'plugin_page' => 'tools_page_wp-reset',
  'skip_hooks' => false,
  'debug' => true,
  'js_folder' => 'http://localhost:8000/wp-content/plugins/wp-reset//js/',
)
array (
  'prefix' => 'wpr',
  'licensing_servers' => 
  array (
    0 => 'https://dashboard.wpreset.com/api/',
  ),
  'version' => '2.04',
  'slug' => 'wp-reset',
  'basename' => 'wp-reset/wp-reset.php',
  'plugin_page' => 'tools_page_wp-reset',
  'plugin_file' => 'E:\\Work\\Pandangan Jogja\\pandanganjogja.com\\wp-content\\plugins\\wp-reset\\wp-reset.php',
  'js_folder' => 'http://localhost:8000/wp-content/plugins/wp-reset//js/',
  'api_ver' => 'v1/',
  'valid_forever' => '2035-01-01',
  'unlimited_installs' => 99999,
  'debug' => true,
  'filesystem_initialized' => false,
)

[Mon, 30 Jun 2025 23:29:54 +0000] wpr: __construct
array (
  'prefix' => 'wpr',
  'licensing_servers' => 
  array (
    0 => 'https://dashboard.wpreset.com/api/',
  ),
  'version' => '2.04',
  'plugin_file' => 'E:\\Work\\Pandangan Jogja\\pandanganjogja.com\\wp-content\\plugins\\wp-reset\\wp-reset.php',
  'plugin_page' => 'tools_page_wp-reset',
  'skip_hooks' => false,
  'debug' => true,
  'js_folder' => 'http://localhost:8000/wp-content/plugins/wp-reset//js/',
)
array (
  'prefix' => 'wpr',
  'licensing_servers' => 
  array (
    0 => 'https://dashboard.wpreset.com/api/',
  ),
  'version' => '2.04',
  'slug' => 'wp-reset',
  'basename' => 'wp-reset/wp-reset.php',
  'plugin_page' => 'tools_page_wp-reset',
  'plugin_file' => 'E:\\Work\\Pandangan Jogja\\pandanganjogja.com\\wp-content\\plugins\\wp-reset\\wp-reset.php',
  'js_folder' => 'http://localhost:8000/wp-content/plugins/wp-reset//js/',
  'api_ver' => 'v1/',
  'valid_forever' => '2035-01-01',
  'unlimited_installs' => 99999,
  'debug' => true,
  'filesystem_initialized' => false,
)

[Mon, 30 Jun 2025 23:29:58 +0000] wpr: __construct
array (
  'prefix' => 'wpr',
  'licensing_servers' => 
  array (
    0 => 'https://dashboard.wpreset.com/api/',
  ),
  'version' => '2.04',
  'plugin_file' => 'E:\\Work\\Pandangan Jogja\\pandanganjogja.com\\wp-content\\plugins\\wp-reset\\wp-reset.php',
  'plugin_page' => 'tools_page_wp-reset',
  'skip_hooks' => false,
  'debug' => true,
  'js_folder' => 'http://localhost:8000/wp-content/plugins/wp-reset//js/',
)
array (
  'prefix' => 'wpr',
  'licensing_servers' => 
  array (
    0 => 'https://dashboard.wpreset.com/api/',
  ),
  'version' => '2.04',
  'slug' => 'wp-reset',
  'basename' => 'wp-reset/wp-reset.php',
  'plugin_page' => 'tools_page_wp-reset',
  'plugin_file' => 'E:\\Work\\Pandangan Jogja\\pandanganjogja.com\\wp-content\\plugins\\wp-reset\\wp-reset.php',
  'js_folder' => 'http://localhost:8000/wp-content/plugins/wp-reset//js/',
  'api_ver' => 'v1/',
  'valid_forever' => '2035-01-01',
  'unlimited_installs' => 99999,
  'debug' => true,
  'filesystem_initialized' => false,
)

[Mon, 30 Jun 2025 23:30:47 +0000] wpr: __construct
array (
  'prefix' => 'wpr',
  'licensing_servers' => 
  array (
    0 => 'https://dashboard.wpreset.com/api/',
  ),
  'version' => '2.04',
  'plugin_file' => 'E:\\Work\\Pandangan Jogja\\pandanganjogja.com\\wp-content\\plugins\\wp-reset\\wp-reset.php',
  'plugin_page' => 'tools_page_wp-reset',
  'skip_hooks' => false,
  'debug' => true,
  'js_folder' => 'http://localhost:8000/wp-content/plugins/wp-reset//js/',
)
array (
  'prefix' => 'wpr',
  'licensing_servers' => 
  array (
    0 => 'https://dashboard.wpreset.com/api/',
  ),
  'version' => '2.04',
  'slug' => 'wp-reset',
  'basename' => 'wp-reset/wp-reset.php',
  'plugin_page' => 'tools_page_wp-reset',
  'plugin_file' => 'E:\\Work\\Pandangan Jogja\\pandanganjogja.com\\wp-content\\plugins\\wp-reset\\wp-reset.php',
  'js_folder' => 'http://localhost:8000/wp-content/plugins/wp-reset//js/',
  'api_ver' => 'v1/',
  'valid_forever' => '2035-01-01',
  'unlimited_installs' => 99999,
  'debug' => true,
  'filesystem_initialized' => false,
)

[Mon, 30 Jun 2025 23:30:48 +0000] wpr: __construct
array (
  'prefix' => 'wpr',
  'licensing_servers' => 
  array (
    0 => 'https://dashboard.wpreset.com/api/',
  ),
  'version' => '2.04',
  'plugin_file' => 'E:\\Work\\Pandangan Jogja\\pandanganjogja.com\\wp-content\\plugins\\wp-reset\\wp-reset.php',
  'plugin_page' => 'tools_page_wp-reset',
  'skip_hooks' => false,
  'debug' => true,
  'js_folder' => 'http://localhost:8000/wp-content/plugins/wp-reset//js/',
)
array (
  'prefix' => 'wpr',
  'licensing_servers' => 
  array (
    0 => 'https://dashboard.wpreset.com/api/',
  ),
  'version' => '2.04',
  'slug' => 'wp-reset',
  'basename' => 'wp-reset/wp-reset.php',
  'plugin_page' => 'tools_page_wp-reset',
  'plugin_file' => 'E:\\Work\\Pandangan Jogja\\pandanganjogja.com\\wp-content\\plugins\\wp-reset\\wp-reset.php',
  'js_folder' => 'http://localhost:8000/wp-content/plugins/wp-reset//js/',
  'api_ver' => 'v1/',
  'valid_forever' => '2035-01-01',
  'unlimited_installs' => 99999,
  'debug' => true,
  'filesystem_initialized' => false,
)

[Mon, 30 Jun 2025 23:43:10 +0000] wpr: __construct
array (
  'prefix' => 'wpr',
  'licensing_servers' => 
  array (
    0 => 'https://dashboard.wpreset.com/api/',
  ),
  'version' => '2.04',
  'plugin_file' => 'E:\\Work\\Pandangan Jogja\\pandanganjogja.com\\wp-content\\plugins\\wp-reset\\wp-reset.php',
  'plugin_page' => 'tools_page_wp-reset',
  'skip_hooks' => false,
  'debug' => true,
  'js_folder' => 'http://localhost:8000/wp-content/plugins/wp-reset//js/',
)
array (
  'prefix' => 'wpr',
  'licensing_servers' => 
  array (
    0 => 'https://dashboard.wpreset.com/api/',
  ),
  'version' => '2.04',
  'slug' => 'wp-reset',
  'basename' => 'wp-reset/wp-reset.php',
  'plugin_page' => 'tools_page_wp-reset',
  'plugin_file' => 'E:\\Work\\Pandangan Jogja\\pandanganjogja.com\\wp-content\\plugins\\wp-reset\\wp-reset.php',
  'js_folder' => 'http://localhost:8000/wp-content/plugins/wp-reset//js/',
  'api_ver' => 'v1/',
  'valid_forever' => '2035-01-01',
  'unlimited_installs' => 99999,
  'debug' => true,
  'filesystem_initialized' => false,
)

[Mon, 30 Jun 2025 23:43:10 +0000] wpr: __construct
array (
  'prefix' => 'wpr',
  'licensing_servers' => 
  array (
    0 => 'https://dashboard.wpreset.com/api/',
  ),
  'version' => '2.04',
  'plugin_file' => 'E:\\Work\\Pandangan Jogja\\pandanganjogja.com\\wp-content\\plugins\\wp-reset\\wp-reset.php',
  'plugin_page' => 'tools_page_wp-reset',
  'skip_hooks' => false,
  'debug' => true,
  'js_folder' => 'http://localhost:8000/wp-content/plugins/wp-reset//js/',
)
array (
  'prefix' => 'wpr',
  'licensing_servers' => 
  array (
    0 => 'https://dashboard.wpreset.com/api/',
  ),
  'version' => '2.04',
  'slug' => 'wp-reset',
  'basename' => 'wp-reset/wp-reset.php',
  'plugin_page' => 'tools_page_wp-reset',
  'plugin_file' => 'E:\\Work\\Pandangan Jogja\\pandanganjogja.com\\wp-content\\plugins\\wp-reset\\wp-reset.php',
  'js_folder' => 'http://localhost:8000/wp-content/plugins/wp-reset//js/',
  'api_ver' => 'v1/',
  'valid_forever' => '2035-01-01',
  'unlimited_installs' => 99999,
  'debug' => true,
  'filesystem_initialized' => false,
)

[Mon, 30 Jun 2025 23:43:18 +0000] wpr: __construct
array (
  'prefix' => 'wpr',
  'licensing_servers' => 
  array (
    0 => 'https://dashboard.wpreset.com/api/',
  ),
  'version' => '2.04',
  'plugin_file' => 'E:\\Work\\Pandangan Jogja\\pandanganjogja.com\\wp-content\\plugins\\wp-reset\\wp-reset.php',
  'plugin_page' => 'tools_page_wp-reset',
  'skip_hooks' => false,
  'debug' => true,
  'js_folder' => 'http://localhost:8000/wp-content/plugins/wp-reset//js/',
)
array (
  'prefix' => 'wpr',
  'licensing_servers' => 
  array (
    0 => 'https://dashboard.wpreset.com/api/',
  ),
  'version' => '2.04',
  'slug' => 'wp-reset',
  'basename' => 'wp-reset/wp-reset.php',
  'plugin_page' => 'tools_page_wp-reset',
  'plugin_file' => 'E:\\Work\\Pandangan Jogja\\pandanganjogja.com\\wp-content\\plugins\\wp-reset\\wp-reset.php',
  'js_folder' => 'http://localhost:8000/wp-content/plugins/wp-reset//js/',
  'api_ver' => 'v1/',
  'valid_forever' => '2035-01-01',
  'unlimited_installs' => 99999,
  'debug' => true,
  'filesystem_initialized' => false,
)

[Mon, 30 Jun 2025 23:43:19 +0000] wpr: __construct
array (
  'prefix' => 'wpr',
  'licensing_servers' => 
  array (
    0 => 'https://dashboard.wpreset.com/api/',
  ),
  'version' => '2.04',
  'plugin_file' => 'E:\\Work\\Pandangan Jogja\\pandanganjogja.com\\wp-content\\plugins\\wp-reset\\wp-reset.php',
  'plugin_page' => 'tools_page_wp-reset',
  'skip_hooks' => false,
  'debug' => true,
  'js_folder' => 'http://localhost:8000/wp-content/plugins/wp-reset//js/',
)
array (
  'prefix' => 'wpr',
  'licensing_servers' => 
  array (
    0 => 'https://dashboard.wpreset.com/api/',
  ),
  'version' => '2.04',
  'slug' => 'wp-reset',
  'basename' => 'wp-reset/wp-reset.php',
  'plugin_page' => 'tools_page_wp-reset',
  'plugin_file' => 'E:\\Work\\Pandangan Jogja\\pandanganjogja.com\\wp-content\\plugins\\wp-reset\\wp-reset.php',
  'js_folder' => 'http://localhost:8000/wp-content/plugins/wp-reset//js/',
  'api_ver' => 'v1/',
  'valid_forever' => '2035-01-01',
  'unlimited_installs' => 99999,
  'debug' => true,
  'filesystem_initialized' => false,
)

[Mon, 30 Jun 2025 23:43:37 +0000] wpr: __construct
array (
  'prefix' => 'wpr',
  'licensing_servers' => 
  array (
    0 => 'https://dashboard.wpreset.com/api/',
  ),
  'version' => '2.04',
  'plugin_file' => 'E:\\Work\\Pandangan Jogja\\pandanganjogja.com\\wp-content\\plugins\\wp-reset\\wp-reset.php',
  'plugin_page' => 'tools_page_wp-reset',
  'skip_hooks' => false,
  'debug' => true,
  'js_folder' => 'http://localhost:8000/wp-content/plugins/wp-reset//js/',
)
array (
  'prefix' => 'wpr',
  'licensing_servers' => 
  array (
    0 => 'https://dashboard.wpreset.com/api/',
  ),
  'version' => '2.04',
  'slug' => 'wp-reset',
  'basename' => 'wp-reset/wp-reset.php',
  'plugin_page' => 'tools_page_wp-reset',
  'plugin_file' => 'E:\\Work\\Pandangan Jogja\\pandanganjogja.com\\wp-content\\plugins\\wp-reset\\wp-reset.php',
  'js_folder' => 'http://localhost:8000/wp-content/plugins/wp-reset//js/',
  'api_ver' => 'v1/',
  'valid_forever' => '2035-01-01',
  'unlimited_installs' => 99999,
  'debug' => true,
  'filesystem_initialized' => false,
)

[Mon, 30 Jun 2025 23:43:38 +0000] wpr: __construct
array (
  'prefix' => 'wpr',
  'licensing_servers' => 
  array (
    0 => 'https://dashboard.wpreset.com/api/',
  ),
  'version' => '2.04',
  'plugin_file' => 'E:\\Work\\Pandangan Jogja\\pandanganjogja.com\\wp-content\\plugins\\wp-reset\\wp-reset.php',
  'plugin_page' => 'tools_page_wp-reset',
  'skip_hooks' => false,
  'debug' => true,
  'js_folder' => 'http://localhost:8000/wp-content/plugins/wp-reset//js/',
)
array (
  'prefix' => 'wpr',
  'licensing_servers' => 
  array (
    0 => 'https://dashboard.wpreset.com/api/',
  ),
  'version' => '2.04',
  'slug' => 'wp-reset',
  'basename' => 'wp-reset/wp-reset.php',
  'plugin_page' => 'tools_page_wp-reset',
  'plugin_file' => 'E:\\Work\\Pandangan Jogja\\pandanganjogja.com\\wp-content\\plugins\\wp-reset\\wp-reset.php',
  'js_folder' => 'http://localhost:8000/wp-content/plugins/wp-reset//js/',
  'api_ver' => 'v1/',
  'valid_forever' => '2035-01-01',
  'unlimited_installs' => 99999,
  'debug' => true,
  'filesystem_initialized' => false,
)

